Started GET "/" for 127.0.0.1 at 2017-10-03 03:52:44 -0500
  
ActiveRecord::PendingMigrationError (

Migrations are pending. To resolve this issue, run:

        bin/rails db:migrate RAILS_ENV=development

):
  
activerecord (5.1.4) lib/active_record/migration.rb:576:in `check_pending!'
activerecord (5.1.4) lib/active_record/migration.rb:553:in `call'
actionpack (5.1.4) lib/action_dispatch/middleware/callbacks.rb:26:in `block in call'
activesupport (5.1.4) lib/active_support/callbacks.rb:97:in `run_callbacks'
actionpack (5.1.4) lib/action_dispatch/middleware/callbacks.rb:24:in `call'
actionpack (5.1.4) lib/action_dispatch/middleware/executor.rb:12:in `call'
actionpack (5.1.4) lib/action_dispatch/middleware/debug_exceptions.rb:59:in `call'
web-console (3.5.1) lib/web_console/middleware.rb:135:in `call_app'
web-console (3.5.1) lib/web_console/middleware.rb:28:in `block in call'
web-console (3.5.1) lib/web_console/middleware.rb:18:in `catch'
web-console (3.5.1) lib/web_console/middleware.rb:18:in `call'
actionpack (5.1.4) lib/action_dispatch/middleware/show_exceptions.rb:31:in `call'
railties (5.1.4) lib/rails/rack/logger.rb:36:in `call_app'
railties (5.1.4) lib/rails/rack/logger.rb:24:in `block in call'
activesupport (5.1.4) lib/active_support/tagged_logging.rb:69:in `block in tagged'
activesupport (5.1.4) lib/active_support/tagged_logging.rb:26:in `tagged'
activesupport (5.1.4) lib/active_support/tagged_logging.rb:69:in `tagged'
railties (5.1.4) lib/rails/rack/logger.rb:24:in `call'
sprockets-rails (3.2.1) lib/sprockets/rails/quiet_assets.rb:13:in `call'
actionpack (5.1.4) lib/action_dispatch/middleware/remote_ip.rb:79:in `call'
actionpack (5.1.4) lib/action_dispatch/middleware/request_id.rb:25:in `call'
rack (2.0.3) lib/rack/method_override.rb:22:in `call'
rack (2.0.3) lib/rack/runtime.rb:22:in `call'
activesupport (5.1.4) lib/active_support/cache/strategy/local_cache_middleware.rb:27:in `call'
actionpack (5.1.4) lib/action_dispatch/middleware/executor.rb:12:in `call'
actionpack (5.1.4) lib/action_dispatch/middleware/static.rb:125:in `call'
rack (2.0.3) lib/rack/sendfile.rb:111:in `call'
railties (5.1.4) lib/rails/engine.rb:522:in `call'
puma (3.10.0) lib/puma/configuration.rb:225:in `call'
puma (3.10.0) lib/puma/server.rb:605:in `handle_request'
puma (3.10.0) lib/puma/server.rb:437:in `process_client'
puma (3.10.0) lib/puma/server.rb:301:in `block in run'
puma (3.10.0) lib/puma/thread_pool.rb:120:in `block in spawn_thread'
  [1m[35m (0.1ms)[0m  [1m[34mSELECT sqlite_version(*)[0m
  [1m[35m (1.2ms)[0m  [1m[35mCREATE TABLE "schema_migrations" ("version" varchar NOT NULL PRIMARY KEY)[0m
  [1m[35m (1.2ms)[0m  [1m[35mCREATE TABLE "ar_internal_metadata" ("key" varchar NOT NULL PRIMARY KEY, "value" varchar, "created_at" datetime NOT NULL, "updated_at" datetime NOT NULL)[0m
  [1m[35m (0.1ms)[0m  [1m[34mSELECT "schema_migrations"."version" FROM "schema_migrations" ORDER BY "schema_migrations"."version" ASC[0m
Migrating to CreateWebsites (20170928214516)
  [1m[35m (0.0ms)[0m  [1m[36mbegin transaction[0m
  [1m[35m (0.3ms)[0m  [1m[35mCREATE TABLE "websites" ("id" INTEGER PRIMARY KEY AUTOINCREMENT NOT NULL, "hours" integer, "minutes" integer, "created_at" datetime NOT NULL, "updated_at" datetime NOT NULL)[0m
  [1m[35mSQL (0.1ms)[0m  [1m[32mINSERT INTO "schema_migrations" ("version") VALUES (?)[0m  [["version", "20170928214516"]]
  [1m[35m (0.9ms)[0m  [1m[36mcommit transaction[0m
  [1m[36mActiveRecord::InternalMetadata Load (0.1ms)[0m  [1m[34mSELECT  "ar_internal_metadata".* FROM "ar_internal_metadata" WHERE "ar_internal_metadata"."key" = ? LIMIT ?[0m  [["key", "environment"], ["LIMIT", 1]]
  [1m[35m (0.0ms)[0m  [1m[36mbegin transaction[0m
  [1m[35mSQL (0.2ms)[0m  [1m[32mINSERT INTO "ar_internal_metadata" ("key", "value", "created_at", "updated_at") VALUES (?, ?, ?, ?)[0m  [["key", "environment"], ["value", "development"], ["created_at", "2017-10-03 08:53:09.950722"], ["updated_at", "2017-10-03 08:53:09.950722"]]
  [1m[35m (13.1ms)[0m  [1m[36mcommit transaction[0m
  [1m[35m (0.1ms)[0m  [1m[34mSELECT "schema_migrations"."version" FROM "schema_migrations" ORDER BY "schema_migrations"."version" ASC[0m
Started GET "/" for 127.0.0.1 at 2017-10-03 03:53:21 -0500
  [1m[35m (0.1ms)[0m  [1m[34mSELECT "schema_migrations"."version" FROM "schema_migrations" ORDER BY "schema_migrations"."version" ASC[0m
Processing by WebsitesController#setup as HTML
  Rendering websites/setup.html.erb within layouts/application
  Rendered websites/_form.html.erb (1.2ms)
  Rendered websites/setup.html.erb within layouts/application (3.8ms)
Completed 200 OK in 635ms (Views: 613.7ms | ActiveRecord: 0.0ms)


Started GET "/" for 127.0.0.1 at 2017-10-03 03:53:35 -0500
Processing by WebsitesController#setup as HTML
  Rendering websites/setup.html.erb within layouts/application
  Rendered websites/_form.html.erb (0.9ms)
  Rendered websites/setup.html.erb within layouts/application (3.3ms)
Completed 200 OK in 39ms (Views: 36.6ms | ActiveRecord: 0.0ms)


Started GET "/" for 127.0.0.1 at 2017-10-03 03:55:39 -0500
Processing by WebsitesController#setup as HTML
  Rendering websites/setup.html.erb within layouts/application
  Rendered websites/_form.html.erb (1.3ms)
  Rendered websites/setup.html.erb within layouts/application (4.8ms)
Completed 200 OK in 38ms (Views: 35.1ms | ActiveRecord: 0.0ms)


Started GET "/" for 127.0.0.1 at 2017-10-03 03:58:31 -0500
Processing by WebsitesController#setup as HTML
  Rendering websites/setup.html.erb within layouts/application
  Rendered websites/_form.html.erb (1.2ms)
  Rendered websites/setup.html.erb within layouts/application (3.9ms)
Completed 200 OK in 123ms (Views: 101.3ms | ActiveRecord: 0.0ms)


Started GET "/" for 127.0.0.1 at 2017-10-03 03:58:32 -0500
Processing by WebsitesController#setup as HTML
  Rendering websites/setup.html.erb within layouts/application
  Rendered websites/_form.html.erb (0.9ms)
  Rendered websites/setup.html.erb within layouts/application (2.8ms)
Completed 200 OK in 29ms (Views: 27.6ms | ActiveRecord: 0.0ms)


Started GET "/" for 127.0.0.1 at 2017-10-03 03:58:40 -0500
Processing by WebsitesController#setup as HTML
  Rendering websites/setup.html.erb within layouts/application
  Rendered websites/_form.html.erb (1.0ms)
  Rendered websites/setup.html.erb within layouts/application (3.6ms)
Completed 200 OK in 25ms (Views: 23.5ms | ActiveRecord: 0.0ms)


Started GET "/" for 127.0.0.1 at 2017-10-03 03:59:02 -0500
Processing by WebsitesController#setup as HTML
  Rendering websites/setup.html.erb within layouts/application
  Rendered websites/_form.html.erb (0.9ms)
  Rendered websites/setup.html.erb within layouts/application (3.6ms)
Completed 200 OK in 93ms (Views: 91.9ms | ActiveRecord: 0.0ms)


Started GET "/" for 127.0.0.1 at 2017-10-03 03:59:11 -0500
Processing by WebsitesController#setup as HTML
  Rendering websites/setup.html.erb within layouts/application
  Rendered websites/_form.html.erb (0.8ms)
  Rendered websites/setup.html.erb within layouts/application (2.9ms)
Completed 200 OK in 32ms (Views: 30.7ms | ActiveRecord: 0.0ms)


Started GET "/" for 127.0.0.1 at 2017-10-03 03:59:22 -0500
Processing by WebsitesController#setup as HTML
  Rendering websites/setup.html.erb within layouts/application
  Rendered websites/_form.html.erb (1.0ms)
  Rendered websites/setup.html.erb within layouts/application (3.9ms)
Completed 200 OK in 52ms (Views: 50.6ms | ActiveRecord: 0.0ms)


Started GET "/" for 127.0.0.1 at 2017-10-03 03:59:30 -0500
Processing by WebsitesController#setup as HTML
  Rendering websites/setup.html.erb within layouts/application
  Rendered websites/_form.html.erb (0.6ms)
  Rendered websites/setup.html.erb within layouts/application (2.4ms)
Completed 200 OK in 33ms (Views: 30.8ms | ActiveRecord: 0.0ms)


Started GET "/" for 127.0.0.1 at 2017-10-03 03:59:45 -0500
Processing by WebsitesController#setup as HTML
  Rendering websites/setup.html.erb within layouts/application
  Rendered websites/_form.html.erb (0.6ms)
  Rendered websites/setup.html.erb within layouts/application (3.0ms)
Completed 200 OK in 39ms (Views: 37.2ms | ActiveRecord: 0.0ms)


Started GET "/" for 127.0.0.1 at 2017-10-03 04:01:24 -0500
Processing by WebsitesController#setup as HTML
  Rendering websites/setup.html.erb within layouts/application
  Rendered websites/_form.html.erb (0.6ms)
  Rendered websites/setup.html.erb within layouts/application (2.7ms)
Completed 200 OK in 33ms (Views: 30.8ms | ActiveRecord: 0.0ms)


Started GET "/" for 127.0.0.1 at 2017-10-03 04:01:41 -0500
Processing by WebsitesController#setup as HTML
  Rendering websites/setup.html.erb within layouts/application
  Rendered websites/_form.html.erb (1.0ms)
  Rendered websites/setup.html.erb within layouts/application (3.6ms)
Completed 200 OK in 35ms (Views: 33.7ms | ActiveRecord: 0.0ms)


Started GET "/" for 127.0.0.1 at 2017-10-03 04:01:54 -0500
Processing by WebsitesController#setup as HTML
  Rendering websites/setup.html.erb within layouts/application
  Rendered websites/_form.html.erb (0.7ms)
  Rendered websites/setup.html.erb within layouts/application (2.9ms)
Completed 200 OK in 39ms (Views: 37.7ms | ActiveRecord: 0.0ms)


Started GET "/" for 127.0.0.1 at 2017-10-03 04:02:40 -0500
Processing by WebsitesController#setup as HTML
  Rendering websites/setup.html.erb within layouts/application
  Rendered websites/_form.html.erb (0.9ms)
  Rendered websites/setup.html.erb within layouts/application (3.5ms)
Completed 200 OK in 32ms (Views: 30.9ms | ActiveRecord: 0.0ms)


Started GET "/" for 127.0.0.1 at 2017-10-03 04:02:49 -0500
Processing by WebsitesController#setup as HTML
  Rendering websites/setup.html.erb within layouts/application
  Rendered websites/_form.html.erb (0.6ms)
  Rendered websites/setup.html.erb within layouts/application (2.6ms)
Completed 200 OK in 31ms (Views: 29.4ms | ActiveRecord: 0.0ms)


Started GET "/" for 127.0.0.1 at 2017-10-03 04:03:07 -0500
Processing by WebsitesController#setup as HTML
  Rendering websites/setup.html.erb within layouts/application
  Rendered websites/_form.html.erb (0.8ms)
  Rendered websites/setup.html.erb within layouts/application (2.8ms)
Completed 200 OK in 32ms (Views: 30.1ms | ActiveRecord: 0.0ms)


Started GET "/" for 127.0.0.1 at 2017-10-03 04:03:15 -0500
Processing by WebsitesController#setup as HTML
  Rendering websites/setup.html.erb within layouts/application
  Rendered websites/_form.html.erb (0.6ms)
  Rendered websites/setup.html.erb within layouts/application (2.4ms)
Completed 200 OK in 21ms (Views: 19.3ms | ActiveRecord: 0.0ms)


Started POST "/website" for 127.0.0.1 at 2017-10-03 04:08:03 -0500
Processing by WebsitesController#create as HTML
  Parameters: {"utf8"=>"✓", "authenticity_token"=>"iXroCIrCQkMqRQq17d2T6IUiNsTqUipZ+fHqydm5f2xEdsNvYpYPY48xpFS3eomAc1jDMILYEhn5kn3z5h6JUg==", "hours"=>"", "minutes"=>"", "commit"=>"START WORKING"}
Redirected to http://localhost:3000/website
Completed 302 Found in 1ms (ActiveRecord: 0.0ms)


Started GET "/website" for 127.0.0.1 at 2017-10-03 04:08:03 -0500
Processing by WebsitesController#show as HTML
  Rendering websites/show.html.erb within layouts/application
  Rendered websites/_form.html.erb (0.7ms)
  Rendered websites/show.html.erb within layouts/application (2.4ms)
Completed 200 OK in 158ms (Views: 124.8ms | ActiveRecord: 0.6ms)


